20:25:53
+++++++++++++++++++++++++++++++++++++++++++++++++++++++++++++++++++++++++++++++++++++
||--message--||
8 Undefined index: options
||--position--||
File:F:\Web\Webroot\Mist\System\Core\Dao.class.php   Line:126
||--trace--||
#0  System\Mist::handleError(8, Undefined index: options, F:\Web\Webroot\Mist\System\Core\Dao.class.php, 126, Array ([config] => Array ([prefix] => ot_,[port] => 3306,[password] => 123456,[username] => root,[dbname] => test,[host] => 127.0.0.1,[type] => mysql),[cover] => ,[classname] => System\Core\DaoDriver\MysqlDriver)) called at [F:\Web\Webroot\Mist\System\Core\Dao.class.php:126]
#1  System\Core\Dao->__construct(Array ([prefix] => ot_,[port] => 3306,[password] => 123456,[username] => root,[dbname] => test,[host] => 127.0.0.1,[type] => mysql)) called at [F:\Web\Webroot\Mist\System\Core\Model.class.php:74]
#2  System\Core\Model->init(Array ([prefix] => ot_,[port] => 3306,[password] => 123456,[username] => root,[dbname] => test,[host] => 127.0.0.1,[type] => mysql)) called at [F:\Web\Webroot\Mist\Application\Cms\Controller\InstallController.class.php:138]
#3  Application\Cms\Controller\InstallController->third()
#4  ReflectionMethod->invoke(Application\Cms\Controller\InstallController Object ([] => System\Core\View Object ([] => F:/Web/Webroot/Mist/Application/Cms/View/Install/,[] => F:/Web/Webroot/Mist/Runtime/cache/Cms/Install/,[] => ,[] => ,[] => Array ()),[] => Array (),[] => Array ([m] => Cms,[c] => Install,[t] => ,[a] => third))) called at [F:\Web\Webroot\Mist\System\Core\Dispatcher.class.php:123]
#5  System\Core\Dispatcher::execute(Cms, Install, third, Array ([anonymous] => Array ([0] => ))) called at [F:\Web\Webroot\Mist\System\Mist.class.php:213]
#6  System\Mist::start() called at [F:\Web\Webroot\Mist\index.php:49]


=====================================================================================





20:28:05
+++++++++++++++++++++++++++++++++++++++++++++++++++++++++++++++++++++++++++++++++++++
||--message--||
8 Undefined index: options
||--position--||
File:F:\Web\Webroot\Mist\System\Core\Dao.class.php   Line:127
||--trace--||
#0  System\Mist::handleError(8, Undefined index: options, F:\Web\Webroot\Mist\System\Core\Dao.class.php, 127, Array ([config] => Array ([prefix] => ot_,[port] => 3306,[password] => 123456,[username] => root,[dbname] => test,[host] => 127.0.0.1,[type] => mysql),[cover] => ,[classname] => System\Core\DaoDriver\MysqlDriver)) called at [F:\Web\Webroot\Mist\System\Core\Dao.class.php:127]
#1  System\Core\Dao->__construct(Array ([prefix] => ot_,[port] => 3306,[password] => 123456,[username] => root,[dbname] => test,[host] => 127.0.0.1,[type] => mysql)) called at [F:\Web\Webroot\Mist\System\Core\Model.class.php:74]
#2  System\Core\Model->init(Array ([prefix] => ot_,[port] => 3306,[password] => 123456,[username] => root,[dbname] => test,[host] => 127.0.0.1,[type] => mysql)) called at [F:\Web\Webroot\Mist\Application\Cms\Controller\InstallController.class.php:136]
#3  Application\Cms\Controller\InstallController->third()
#4  ReflectionMethod->invoke(Application\Cms\Controller\InstallController Object ([] => System\Core\View Object ([] => F:/Web/Webroot/Mist/Application/Cms/View/Install/,[] => F:/Web/Webroot/Mist/Runtime/cache/Cms/Install/,[] => ,[] => ,[] => Array ()),[] => Array (),[] => Array ([m] => Cms,[c] => Install,[t] => ,[a] => third))) called at [F:\Web\Webroot\Mist\System\Core\Dispatcher.class.php:123]
#5  System\Core\Dispatcher::execute(Cms, Install, third, Array ([anonymous] => Array ([0] => ))) called at [F:\Web\Webroot\Mist\System\Mist.class.php:213]
#6  System\Mist::start() called at [F:\Web\Webroot\Mist\index.php:49]


=====================================================================================





20:36:21
+++++++++++++++++++++++++++++++++++++++++++++++++++++++++++++++++++++++++++++++++++++
||--message--||
8 Uninitialized string offset: 3
||--position--||
File:F:\Web\Webroot\Mist\System\Extension\PasswordHash.class.php   Line:136
||--trace--||
#0  System\Mist::handleError(8, Uninitialized string offset: 3, F:\Web\Webroot\Mist\System\Extension\PasswordHash.class.php, 136, Array ([password] => 123456,[setting] => $P$,[output] => *0,[id] => $P$)) called at [F:\Web\Webroot\Mist\System\Extension\PasswordHash.class.php:136]
#1  System\Extension\PasswordHash->crypt_private(123456, $P$) called at [F:\Web\Webroot\Mist\System\Extension\PasswordHash.class.php:254]
#2  System\Extension\PasswordHash->HashPassword(123456) called at [F:\Web\Webroot\Mist\System\Utils\Util.class.php:39]
#3  System\Utils\Util::pwd(123456) called at [F:\Web\Webroot\Mist\Application\Cms\Model\MemberModel.class.php:26]
#4  Application\Cms\Model\MemberModel->registerMember(Array ([email] => 784855684@qq.com,[repassword] => 123456,[password] => 123456,[username] => lin), ot_) called at [F:\Web\Webroot\Mist\Application\Cms\Controller\InstallController.class.php:139]
#5  Application\Cms\Controller\InstallController->third()
#6  ReflectionMethod->invoke(Application\Cms\Controller\InstallController Object ([] => System\Core\View Object ([] => F:/Web/Webroot/Mist/Application/Cms/View/Install/,[] => F:/Web/Webroot/Mist/Runtime/cache/Cms/Install/,[] => ,[] => ,[] => Array ()),[] => Array (),[] => Array ([m] => Cms,[c] => Install,[t] => ,[a] => third))) called at [F:\Web\Webroot\Mist\System\Core\Dispatcher.class.php:123]
#7  System\Core\Dispatcher::execute(Cms, Install, third, Array ([anonymous] => Array ([0] => ))) called at [F:\Web\Webroot\Mist\System\Mist.class.php:213]
#8  System\Mist::start() called at [F:\Web\Webroot\Mist\index.php:49]


=====================================================================================





20:38:10
+++++++++++++++++++++++++++++++++++++++++++++++++++++++++++++++++++++++++++++++++++++
||--message--||
8 Uninitialized string offset: 3
||--position--||
File:F:\Web\Webroot\Mist\System\Extension\PasswordHash.class.php   Line:136
||--trace--||
#0  System\Mist::handleError(8, Uninitialized string offset: 3, F:\Web\Webroot\Mist\System\Extension\PasswordHash.class.php, 136, Array ([password] => 123456,[setting] => $P$,[output] => *0,[id] => $P$)) called at [F:\Web\Webroot\Mist\System\Extension\PasswordHash.class.php:136]
#1  System\Extension\PasswordHash->crypt_private(123456, $P$) called at [F:\Web\Webroot\Mist\System\Extension\PasswordHash.class.php:254]
#2  System\Extension\PasswordHash->HashPassword(123456) called at [F:\Web\Webroot\Mist\System\Utils\Util.class.php:39]
#3  System\Utils\Util::pwd(123456) called at [F:\Web\Webroot\Mist\Application\Cms\Model\MemberModel.class.php:26]
#4  Application\Cms\Model\MemberModel->registerMember(Array ([email] => 784855684@qq.com,[repassword] => 123456,[password] => 123456,[username] => lin), ot_) called at [F:\Web\Webroot\Mist\Application\Cms\Controller\InstallController.class.php:139]
#5  Application\Cms\Controller\InstallController->third()
#6  ReflectionMethod->invoke(Application\Cms\Controller\InstallController Object ([] => System\Core\View Object ([] => F:/Web/Webroot/Mist/Application/Cms/View/Install/,[] => F:/Web/Webroot/Mist/Runtime/cache/Cms/Install/,[] => ,[] => ,[] => Array ()),[] => Array (),[] => Array ([m] => Cms,[c] => Install,[t] => ,[a] => third))) called at [F:\Web\Webroot\Mist\System\Core\Dispatcher.class.php:123]
#7  System\Core\Dispatcher::execute(Cms, Install, third, Array ([anonymous] => Array ([0] => ))) called at [F:\Web\Webroot\Mist\System\Mist.class.php:213]
#8  System\Mist::start() called at [F:\Web\Webroot\Mist\index.php:49]


=====================================================================================





20:53:06
+++++++++++++++++++++++++++++++++++++++++++++++++++++++++++++++++++++++++++++++++++++
||--message--||
PDOException : SQLSTATE[42S22]: Column not found: 1054 Unknown column '_Field_0' in 'field list'
||--position--||
File:F:\Web\Webroot\Mist\System\Core\DaoDriver\DaoDriver.class.php   Line:88
||--trace--||
#0 F:\Web\Webroot\Mist\System\Core\DaoDriver\DaoDriver.class.php(88): PDO->prepare('insert into ot_...', Array)
#1 F:\Web\Webroot\Mist\System\Core\Dao.class.php(518): System\Core\DaoDriver\DaoDriver->prepare('insert into ot_...', Array)
#2 F:\Web\Webroot\Mist\System\Core\Dao.class.php(236): System\Core\Dao->prepare('insert into ot_...')
#3 F:\Web\Webroot\Mist\System\Core\Model.class.php(98): System\Core\Dao->create('ot_ucenter_memb...', Array)
#4 F:\Web\Webroot\Mist\Application\Cms\Model\MemberModel.class.php(29): System\Core\Model->create(Array, 'ot_ucenter_memb...')
#5 F:\Web\Webroot\Mist\Application\Cms\Controller\InstallController.class.php(139): Application\Cms\Model\MemberModel->registerMember(Array, 'ot_')
#6 [internal function]: Application\Cms\Controller\InstallController->third()
#7 F:\Web\Webroot\Mist\System\Core\Dispatcher.class.php(123): ReflectionMethod->invoke(Object(Application\Cms\Controller\InstallController))
#8 F:\Web\Webroot\Mist\System\Mist.class.php(213): System\Core\Dispatcher::execute('Cms', 'Install', 'third', Array)
#9 F:\Web\Webroot\Mist\index.php(49): System\Mist::start()
#10 {main}

=====================================================================================





20:57:29
+++++++++++++++++++++++++++++++++++++++++++++++++++++++++++++++++++++++++++++++++++++
||--message--||
PDOException : SQLSTATE[HY093]: Invalid parameter number: parameter was not defined
||--position--||
File:F:\Web\Webroot\Mist\System\Core\Dao.class.php   Line:668
||--trace--||
#0 F:\Web\Webroot\Mist\System\Core\Dao.class.php(668): PDOStatement->execute(Array)
#1 F:\Web\Webroot\Mist\System\Core\Dao.class.php(243): System\Core\Dao->execute(Array)
#2 F:\Web\Webroot\Mist\System\Core\Model.class.php(98): System\Core\Dao->create('ot_member', Array)
#3 F:\Web\Webroot\Mist\Application\Cms\Model\MemberModel.class.php(38): System\Core\Model->create(Array, 'ot_member')
#4 F:\Web\Webroot\Mist\Application\Cms\Controller\InstallController.class.php(139): Application\Cms\Model\MemberModel->registerMember(Array, 'ot_')
#5 [internal function]: Application\Cms\Controller\InstallController->third()
#6 F:\Web\Webroot\Mist\System\Core\Dispatcher.class.php(123): ReflectionMethod->invoke(Object(Application\Cms\Controller\InstallController))
#7 F:\Web\Webroot\Mist\System\Mist.class.php(213): System\Core\Dispatcher::execute('Cms', 'Install', 'third', Array)
#8 F:\Web\Webroot\Mist\index.php(49): System\Mist::start()
#9 {main}

=====================================================================================





21:01:49
+++++++++++++++++++++++++++++++++++++++++++++++++++++++++++++++++++++++++++++++++++++
||--message--||
PDOException : SQLSTATE[HY093]: Invalid parameter number: parameter was not defined
||--position--||
File:F:\Web\Webroot\Mist\System\Core\Dao.class.php   Line:668
||--trace--||
#0 F:\Web\Webroot\Mist\System\Core\Dao.class.php(668): PDOStatement->execute(Array)
#1 F:\Web\Webroot\Mist\System\Core\Dao.class.php(243): System\Core\Dao->execute(Array)
#2 F:\Web\Webroot\Mist\System\Core\Model.class.php(98): System\Core\Dao->create('ot_member', Array)
#3 F:\Web\Webroot\Mist\Application\Cms\Model\MemberModel.class.php(38): System\Core\Model->create(Array, 'ot_member')
#4 F:\Web\Webroot\Mist\Application\Cms\Controller\InstallController.class.php(139): Application\Cms\Model\MemberModel->registerMember(Array, 'ot_')
#5 [internal function]: Application\Cms\Controller\InstallController->third()
#6 F:\Web\Webroot\Mist\System\Core\Dispatcher.class.php(123): ReflectionMethod->invoke(Object(Application\Cms\Controller\InstallController))
#7 F:\Web\Webroot\Mist\System\Mist.class.php(213): System\Core\Dispatcher::execute('Cms', 'Install', 'third', Array)
#8 F:\Web\Webroot\Mist\index.php(49): System\Mist::start()
#9 {main}

=====================================================================================





21:09:42
+++++++++++++++++++++++++++++++++++++++++++++++++++++++++++++++++++++++++++++++++++++
||--message--||
PDOException : SQLSTATE[21S01]: Insert value list does not match column list: 1136 Column count doesn't match value count at row 1
||--position--||
File:F:\Web\Webroot\Mist\System\Core\DaoDriver\DaoDriver.class.php   Line:88
||--trace--||
#0 F:\Web\Webroot\Mist\System\Core\DaoDriver\DaoDriver.class.php(88): PDO->prepare('insert into ot_...', Array)
#1 F:\Web\Webroot\Mist\System\Core\Dao.class.php(529): System\Core\DaoDriver\DaoDriver->prepare('insert into ot_...', Array)
#2 F:\Web\Webroot\Mist\System\Core\Dao.class.php(250): System\Core\Dao->prepare('insert into ot_...')
#3 F:\Web\Webroot\Mist\System\Core\Model.class.php(98): System\Core\Dao->create('ot_ucenter_memb...', Array)
#4 F:\Web\Webroot\Mist\Application\Cms\Model\MemberModel.class.php(29): System\Core\Model->create(Array, 'ot_ucenter_memb...')
#5 F:\Web\Webroot\Mist\Application\Cms\Controller\InstallController.class.php(139): Application\Cms\Model\MemberModel->registerMember(Array, 'ot_')
#6 [internal function]: Application\Cms\Controller\InstallController->third()
#7 F:\Web\Webroot\Mist\System\Core\Dispatcher.class.php(123): ReflectionMethod->invoke(Object(Application\Cms\Controller\InstallController))
#8 F:\Web\Webroot\Mist\System\Mist.class.php(213): System\Core\Dispatcher::execute('Cms', 'Install', 'third', Array)
#9 F:\Web\Webroot\Mist\index.php(49): System\Mist::start()
#10 {main}

=====================================================================================





21:13:51
+++++++++++++++++++++++++++++++++++++++++++++++++++++++++++++++++++++++++++++++++++++
||--message--||
PDOException : SQLSTATE[23000]: Integrity constraint violation: 1062 Duplicate entry '1' for key 'PRIMARY'
||--position--||
File:F:\Web\Webroot\Mist\System\Core\Dao.class.php   Line:677
||--trace--||
#0 F:\Web\Webroot\Mist\System\Core\Dao.class.php(677): PDOStatement->execute(Array)
#1 F:\Web\Webroot\Mist\System\Core\Dao.class.php(250): System\Core\Dao->execute(Array)
#2 F:\Web\Webroot\Mist\System\Core\Model.class.php(98): System\Core\Dao->create('ot_ucenter_memb...', Array)
#3 F:\Web\Webroot\Mist\Application\Cms\Model\MemberModel.class.php(29): System\Core\Model->create(Array, 'ot_ucenter_memb...')
#4 F:\Web\Webroot\Mist\Application\Cms\Controller\InstallController.class.php(139): Application\Cms\Model\MemberModel->registerMember(Array, 'ot_')
#5 [internal function]: Application\Cms\Controller\InstallController->third()
#6 F:\Web\Webroot\Mist\System\Core\Dispatcher.class.php(123): ReflectionMethod->invoke(Object(Application\Cms\Controller\InstallController))
#7 F:\Web\Webroot\Mist\System\Mist.class.php(213): System\Core\Dispatcher::execute('Cms', 'Install', 'third', Array)
#8 F:\Web\Webroot\Mist\index.php(49): System\Mist::start()
#9 {main}

=====================================================================================





